<?xml version="1.0"?>
<!DOCTYPE coverage SYSTEM "http://cobertura.sourceforge.net/xml/coverage-04.dtd">

<coverage line-rate="0.0" branch-rate="1.0" lines-covered="0" lines-valid="4" branches-covered="0" branches-valid="0" complexity="1.0" version="2.1.1" timestamp="1633990879049">
	<sources>
		<source>--source</source>
		<source>D:/jenkinsTest/test-jenkins/src/main/java</source>
		<source>D:/jenkinsTest/test-jenkins/target/generated-sources/annotations</source>
	</sources>
	<packages>
		<package name="by.bsu.testjenkins" line-rate="0.0" branch-rate="1.0" complexity="1.0">
			<classes>
				<class name="by.bsu.testjenkins.App" filename="by/bsu/testjenkins/App.java" line-rate="0.0" branch-rate="1.0" complexity="1.0">
					<methods>
						<method name="&lt;init&gt;" signature="()V" line-rate="0.0" branch-rate="1.0" complexity="0">
							<lines>
								<line number="7" hits="0" branch="false"/>
							</lines>
						</method>
						<method name="main" signature="([Ljava/lang/String;)V" line-rate="0.0" branch-rate="1.0" complexity="0">
							<lines>
								<line number="9" hits="0" branch="false"/>
								<line number="10" hits="0" branch="false"/>
								<line number="11" hits="0" branch="false"/>
							</lines>
						</method>
					</methods>
					<lines>
						<line number="7" hits="0" branch="false"/>
						<line number="9" hits="0" branch="false"/>
						<line number="10" hits="0" branch="false"/>
						<line number="11" hits="0" branch="false"/>
					</lines>
				</class>
			</classes>
		</package>
	</packages>
</coverage>
